<?xml version="1.0" encoding="UTF-8"?>
<!-- Generated by org.testng.reporters.JUnitXMLReporter -->
<testsuite hostname="Archange-PC" ignored="0" name="Command line test" tests="2" failures="1" timestamp="27 sept. 2017 18:42:04 GMT" time="8.88" errors="0">
  <testcase name="test" time="0.031" classname="com.bootcamp.entities.ProgrammeNGTest"/>
  <testcase name="testSetId" time="0.015" classname="com.bootcamp.entities.ProgrammeNGTest">
    <failure type="java.lang.AssertionError" message="The test case is a prototype.">
      <![CDATA[java.lang.AssertionError: The test case is a prototype.
	at com.bootcamp.entities.ProgrammeNGTest.testSetId(ProgrammeNGTest.java:79)
... Removed 35 stack frames]]>
    </failure>
  </testcase> <!-- testSetId -->
</testsuite> <!-- Command line test -->
