<?xml version="1.0" encoding="UTF-8"?>
<!-- Generated by org.testng.reporters.JUnitXMLReporter -->
<testsuite hostname="Archange-PC" ignored="0" name="Command line test" tests="3" failures="2" timestamp="28 sept. 2017 12:04:11 GMT" time="0.188" errors="0">
  <testcase name="testAdd" time="0.016" classname="com.bootcamp.entities.BailleurNGTest"/>
  <testcase name="testGetId" time="0.064" classname="com.bootcamp.entities.IndicateurPerformanceNGTest">
    <failure type="java.lang.AssertionError" message="The test case is a prototype.">
      <![CDATA[java.lang.AssertionError: The test case is a prototype.
	at com.bootcamp.entities.IndicateurPerformanceNGTest.testGetId(IndicateurPerformanceNGTest.java:55)
... Removed 36 stack frames]]>
    </failure>
  </testcase> <!-- testGetId -->
  <testcase name="testSetId" time="0.0" classname="com.bootcamp.entities.IndicateurPerformanceNGTest">
    <failure type="java.lang.AssertionError" message="The test case is a prototype.">
      <![CDATA[java.lang.AssertionError: The test case is a prototype.
	at com.bootcamp.entities.IndicateurPerformanceNGTest.testSetId(IndicateurPerformanceNGTest.java:68)
... Removed 36 stack frames]]>
    </failure>
  </testcase> <!-- testSetId -->
</testsuite> <!-- Command line test -->
