<?xml version="1.0" encoding="UTF-8"?>
<!-- Generated by org.testng.reporters.JUnitXMLReporter -->
<testsuite hostname="Archange-PC" ignored="0" name="Command line test" tests="2" failures="1" timestamp="28 sept. 2017 11:38:20 GMT" time="0.094" errors="0">
  <testcase name="add" time="0.0" classname="com.bootcamp.entities.BailleurTest">
    <failure type="org.testng.TestNGException" message="
Cannot inject @Test annotated Method [add] with [int].
For more information on native dependency injection please refer to http://testng.org/doc/documentation-main.html#native-dependency-injection">
      <![CDATA[org.testng.TestNGException: 
Cannot inject @Test annotated Method [add] with [int].
For more information on native dependency injection please refer to http://testng.org/doc/documentation-main.html#native-dependency-injection
... Removed 33 stack frames]]>
    </failure>
  </testcase> <!-- add -->
  <testcase name="testSomeMethod" time="0.031" classname="com.bootcamp.entities.BailleurTest"/>
</testsuite> <!-- Command line test -->
