<?xml version="1.0" encoding="UTF-8"?>
<!-- Generated by org.testng.reporters.JUnitXMLReporter -->
<testsuite hostname="Archange-PC" ignored="0" name="Command line test" tests="3" failures="1" timestamp="28 sept. 2017 13:07:44 GMT" time="0.219" errors="0">
  <testcase name="testAdd" time="0.14" classname="com.bootcamp.entities.IndicateurPerformanceNGTest">
    <failure type="javax.persistence.RollbackException" message="Exception [EclipseLink-4002] (Eclipse Persistence Services - 2.5.2.v20140319-9ad6abd): org.eclipse.persistence.exceptions.DatabaseException
Internal Exception: org.apache.derby.shared.common.error.DerbySQLIntegrityConstraintViolationException: L&amp;apos;instruction a été abandonnée car elle aurait entraîné une valeur de clé en double dans une contrainte de clé primaire ou unique, ou un index unique identifié par &amp;apos;SQL170928150740230&amp;apos; défini sur &amp;apos;TP_INDICATEURPERFORMANCE&amp;apos;.
Error Code: 20000
Call: INSERT INTO TP_INDICATEURPERFORMANCE (ID, NOM) VALUES (?, ?)
	bind =&amp;gt; [2 parameters bound]
Query: InsertObjectQuery(com.bootcamp.entities.IndicateurPerformance@18830ea)">
      <![CDATA[javax.persistence.RollbackException: Exception [EclipseLink-4002] (Eclipse Persistence Services - 2.5.2.v20140319-9ad6abd): org.eclipse.persistence.exceptions.DatabaseException
Internal Exception: org.apache.derby.shared.common.error.DerbySQLIntegrityConstraintViolationException: L'instruction a été abandonnée car elle aurait entraîné une valeur de clé en double dans une contrainte de clé primaire ou unique, ou un index unique identifié par 'SQL170928150740230' défini sur 'TP_INDICATEURPERFORMANCE'.
Error Code: 20000
Call: INSERT INTO TP_INDICATEURPERFORMANCE (ID, NOM) VALUES (?, ?)
	bind => [2 parameters bound]
Query: InsertObjectQuery(com.bootcamp.entities.IndicateurPerformance@18830ea)
	at org.eclipse.persistence.internal.jpa.transaction.EntityTransactionImpl.commit(EntityTransactionImpl.java:157)
	at com.bootcamp.entities.IndicateurPerformanceNGTest.testAdd(IndicateurPerformanceNGTest.java:88)
Caused by: Exception [EclipseLink-4002] (Eclipse Persistence Services - 2.5.2.v20140319-9ad6abd): org.eclipse.persistence.exceptions.DatabaseException
Internal Exception: org.apache.derby.shared.common.error.DerbySQLIntegrityConstraintViolationException: L'instruction a été abandonnée car elle aurait entraîné une valeur de clé en double dans une contrainte de clé primaire ou unique, ou un index unique identifié par 'SQL170928150740230' défini sur 'TP_INDICATEURPERFORMANCE'.
Error Code: 20000
Call: INSERT INTO TP_INDICATEURPERFORMANCE (ID, NOM) VALUES (?, ?)
	bind => [2 parameters bound]
Query: InsertObjectQuery(com.bootcamp.entities.IndicateurPerformance@18830ea)
	at org.eclipse.persistence.exceptions.DatabaseException.sqlException(DatabaseException.java:331)
	at org.eclipse.persistence.internal.databaseaccess.DatabaseAccessor.executeDirectNoSelect(DatabaseAccessor.java:900)
	at org.eclipse.persistence.internal.databaseaccess.DatabaseAccessor.executeNoSelect(DatabaseAccessor.java:962)
	at org.eclipse.persistence.internal.databaseaccess.DatabaseAccessor.basicExecuteCall(DatabaseAccessor.java:631)
	at org.eclipse.persistence.internal.databaseaccess.DatabaseAccessor.executeCall(DatabaseAccessor.java:558)
	at org.eclipse.persistence.internal.sessions.AbstractSession.basicExecuteCall(AbstractSession.java:2002)
	at org.eclipse.persistence.sessions.server.ClientSession.executeCall(ClientSession.java:298)
	at org.eclipse.persistence.internal.queries.DatasourceCallQueryMechanism.executeCall(DatasourceCallQueryMechanism.java:242)
	at org.eclipse.persistence.internal.queries.DatasourceCallQueryMechanism.executeCall(DatasourceCallQueryMechanism.java:228)
	at org.eclipse.persistence.internal.queries.DatasourceCallQueryMechanism.insertObject(DatasourceCallQueryMechanism.java:377)
	at org.eclipse.persistence.internal.queries.StatementQueryMechanism.insertObject(StatementQueryMechanism.java:165)
	at org.eclipse.persistence.internal.queries.StatementQueryMechanism.insertObject(StatementQueryMechanism.java:180)
	at org.eclipse.persistence.internal.queries.DatabaseQueryMechanism.insertObjectForWrite(DatabaseQueryMechanism.java:489)
	at org.eclipse.persistence.queries.InsertObjectQuery.executeCommit(InsertObjectQuery.java:80)
	at org.eclipse.persistence.queries.InsertObjectQuery.executeCommitWithChangeSet(InsertObjectQuery.java:90)
	at org.eclipse.persistence.internal.queries.DatabaseQueryMechanism.executeWriteWithChangeSet(DatabaseQueryMechanism.java:301)
	at org.eclipse.persistence.queries.WriteObjectQuery.executeDatabaseQuery(WriteObjectQuery.java:58)
	at org.eclipse.persistence.queries.DatabaseQuery.execute(DatabaseQuery.java:899)
	at org.eclipse.persistence.queries.DatabaseQuery.executeInUnitOfWork(DatabaseQuery.java:798)
	at org.eclipse.persistence.queries.ObjectLevelModifyQuery.executeInUnitOfWorkObjectLevelModifyQuery(ObjectLevelModifyQuery.java:108)
	at org.eclipse.persistence.queries.ObjectLevelModifyQuery.executeInUnitOfWork(ObjectLevelModifyQuery.java:85)
	at org.eclipse.persistence.internal.sessions.UnitOfWorkImpl.internalExecuteQuery(UnitOfWorkImpl.java:2896)
	at org.eclipse.persistence.internal.sessions.AbstractSession.executeQuery(AbstractSession.java:1804)
	at org.eclipse.persistence.internal.sessions.AbstractSession.executeQuery(AbstractSession.java:1786)
	at org.eclipse.persistence.internal.sessions.AbstractSession.executeQuery(AbstractSession.java:1737)
	at org.eclipse.persistence.internal.sessions.CommitManager.commitNewObjectsForClassWithChangeSet(CommitManager.java:226)
	at org.eclipse.persistence.internal.sessions.CommitManager.commitAllObjectsWithChangeSet(CommitManager.java:125)
	at org.eclipse.persistence.internal.sessions.AbstractSession.writeAllObjectsWithChangeSet(AbstractSession.java:4207)
	at org.eclipse.persistence.internal.sessions.UnitOfWorkImpl.commitToDatabase(UnitOfWorkImpl.java:1441)
	at org.eclipse.persistence.internal.sessions.UnitOfWorkImpl.commitToDatabaseWithChangeSet(UnitOfWorkImpl.java:1531)
	at org.eclipse.persistence.internal.sessions.RepeatableWriteUnitOfWork.commitRootUnitOfWork(RepeatableWriteUnitOfWork.java:277)
	at org.eclipse.persistence.internal.sessions.UnitOfWorkImpl.commitAndResume(UnitOfWorkImpl.java:1169)
	at org.eclipse.persistence.internal.jpa.transaction.EntityTransactionImpl.commit(EntityTransactionImpl.java:132)
	... 35 more
Caused by: org.apache.derby.shared.common.error.DerbySQLIntegrityConstraintViolationException: L'instruction a été abandonnée car elle aurait entraîné une valeur de clé en double dans une contrainte de clé primaire ou unique, ou un index unique identifié par 'SQL170928150740230' défini sur 'TP_INDICATEURPERFORMANCE'.
	at org.apache.derby.client.am.SQLExceptionFactory.getSQLException(Unknown Source)
	at org.apache.derby.client.am.SqlException.getSQLException(Unknown Source)
	at org.apache.derby.client.am.ClientPreparedStatement.executeUpdate(Unknown Source)
	at org.eclipse.persistence.internal.databaseaccess.DatabaseAccessor.executeDirectNoSelect(DatabaseAccessor.java:890)
	... 66 more
Caused by: ERROR 23505: L'instruction a été abandonnée car elle aurait entraîné une valeur de clé en double dans une contrainte de clé primaire ou unique, ou un index unique identifié par 'SQL170928150740230' défini sur 'TP_INDICATEURPERFORMANCE'.
	at org.apache.derby.client.am.ClientStatement.completeExecute(Unknown Source)
	at org.apache.derby.client.net.NetStatementReply.parseEXCSQLSTTreply(Unknown Source)
	at org.apache.derby.client.net.NetStatementReply.readExecute(Unknown Source)
	at org.apache.derby.client.net.StatementReply.readExecute(Unknown Source)
	at org.apache.derby.client.net.NetPreparedStatement.readExecute_(Unknown Source)
	at org.apache.derby.client.am.ClientPreparedStatement.readExecute(Unknown Source)
	at org.apache.derby.client.am.ClientPreparedStatement.flowExecute(Unknown Source)
	at org.apache.derby.client.am.ClientPreparedStatement.executeUpdateX(Unknown Source)
	... 68 more
... Removed 34 stack frames]]>
    </failure>
  </testcase> <!-- testAdd -->
  <testcase name="testGetId" time="0.0" classname="com.bootcamp.entities.IndicateurPerformanceNGTest"/>
  <testcase name="testSetId" time="0.0" classname="com.bootcamp.entities.IndicateurPerformanceNGTest"/>
</testsuite> <!-- Command line test -->
