<?xml version="1.0" encoding="UTF-8" ?>
<testsuite tests="2" failures="1" name="com.bootcamp.entities.ProgrammeNGTest" time="9.833" errors="0" skipped="0">
  <properties>
[...]
</properties>
  <testcase classname="com.bootcamp.entities.ProgrammeNGTest" name="test" time="0.031"/>
  <testcase classname="com.bootcamp.entities.ProgrammeNGTest" name="testSetId" time="0.016">
    <failure message="The test case is a prototype." type="java.lang.AssertionError">java.lang.AssertionError: The test case is a prototype.
	at org.testng.Assert.fail(Assert.java:93)
	at com.bootcamp.entities.ProgrammeNGTest.testSetId(ProgrammeNGTest.java:79)
</failure>
    <system-out>setId
</system-out>
  </testcase>
</testsuite>