<?xml version="1.0" encoding="UTF-8" ?>
<testsuite tests="3" failures="1" name="com.bootcamp.entities.IndicateurPerformanceNGTest" time="11.653" errors="0" skipped="0">
  <properties>
[...]
</properties>
  <testcase classname="com.bootcamp.entities.IndicateurPerformanceNGTest" name="testAdd" time="0.171">
    <failure message="Exception [EclipseLink-4002] (Eclipse Persistence Services - 2.5.2.v20140319-9ad6abd): org.eclipse.persistence.exceptions.DatabaseException
Internal Exception: org.apache.derby.shared.common.error.DerbySQLIntegrityConstraintViolationException: L&apos;instruction a été abandonnée car elle aurait entraîné une valeur de clé en double dans une contrainte de clé primaire ou unique, ou un index unique identifié par &apos;SQL170928150740230&apos; défini sur &apos;TP_INDICATEURPERFORMANCE&apos;.
Error Code: 20000
Call: INSERT INTO TP_INDICATEURPERFORMANCE (ID, NOM) VALUES (?, ?)
	bind =&gt; [2 parameters bound]
Query: InsertObjectQuery(com.bootcamp.entities.IndicateurPerformance@18830ea)" type="javax.persistence.RollbackException">javax.persistence.RollbackException: Exception [EclipseLink-4002] (Eclipse Persistence Services - 2.5.2.v20140319-9ad6abd): org.eclipse.persistence.exceptions.DatabaseException
Internal Exception: org.apache.derby.shared.common.error.DerbySQLIntegrityConstraintViolationException: L&apos;instruction a été abandonnée car elle aurait entraîné une valeur de clé en double dans une contrainte de clé primaire ou unique, ou un index unique identifié par &apos;SQL170928150740230&apos; défini sur &apos;TP_INDICATEURPERFORMANCE&apos;.
Error Code: 20000
Call: INSERT INTO TP_INDICATEURPERFORMANCE (ID, NOM) VALUES (?, ?)
	bind =&gt; [2 parameters bound]
Query: InsertObjectQuery(com.bootcamp.entities.IndicateurPerformance@18830ea)
	at org.eclipse.persistence.internal.jpa.transaction.EntityTransactionImpl.commit(EntityTransactionImpl.java:157)
	at com.bootcamp.entities.IndicateurPerformanceNGTest.testAdd(IndicateurPerformanceNGTest.java:88)
Caused by: Exception [EclipseLink-4002] (Eclipse Persistence Services - 2.5.2.v20140319-9ad6abd): org.eclipse.persistence.exceptions.DatabaseException
Internal Exception: org.apache.derby.shared.common.error.DerbySQLIntegrityConstraintViolationException: L&apos;instruction a été abandonnée car elle aurait entraîné une valeur de clé en double dans une contrainte de clé primaire ou unique, ou un index unique identifié par &apos;SQL170928150740230&apos; défini sur &apos;TP_INDICATEURPERFORMANCE&apos;.
Error Code: 20000
Call: INSERT INTO TP_INDICATEURPERFORMANCE (ID, NOM) VALUES (?, ?)
	bind =&gt; [2 parameters bound]
Query: InsertObjectQuery(com.bootcamp.entities.IndicateurPerformance@18830ea)
	at org.eclipse.persistence.exceptions.DatabaseException.sqlException(DatabaseException.java:331)
	at org.eclipse.persistence.internal.databaseaccess.DatabaseAccessor.executeDirectNoSelect(DatabaseAccessor.java:900)
	at org.eclipse.persistence.internal.databaseaccess.DatabaseAccessor.executeNoSelect(DatabaseAccessor.java:962)
	at org.eclipse.persistence.internal.databaseaccess.DatabaseAccessor.basicExecuteCall(DatabaseAccessor.java:631)
	at org.eclipse.persistence.internal.databaseaccess.DatabaseAccessor.executeCall(DatabaseAccessor.java:558)
	at org.eclipse.persistence.internal.sessions.AbstractSession.basicExecuteCall(AbstractSession.java:2002)
	at org.eclipse.persistence.sessions.server.ClientSession.executeCall(ClientSession.java:298)
	at org.eclipse.persistence.internal.queries.DatasourceCallQueryMechanism.executeCall(DatasourceCallQueryMechanism.java:242)
	at org.eclipse.persistence.internal.queries.DatasourceCallQueryMechanism.executeCall(DatasourceCallQueryMechanism.java:228)
	at org.eclipse.persistence.internal.queries.DatasourceCallQueryMechanism.insertObject(DatasourceCallQueryMechanism.java:377)
	at org.eclipse.persistence.internal.queries.StatementQueryMechanism.insertObject(StatementQueryMechanism.java:165)
	at org.eclipse.persistence.internal.queries.StatementQueryMechanism.insertObject(StatementQueryMechanism.java:180)
	at org.eclipse.persistence.internal.queries.DatabaseQueryMechanism.insertObjectForWrite(DatabaseQueryMechanism.java:489)
	at org.eclipse.persistence.queries.InsertObjectQuery.executeCommit(InsertObjectQuery.java:80)
	at org.eclipse.persistence.queries.InsertObjectQuery.executeCommitWithChangeSet(InsertObjectQuery.java:90)
	at org.eclipse.persistence.internal.queries.DatabaseQueryMechanism.executeWriteWithChangeSet(DatabaseQueryMechanism.java:301)
	at org.eclipse.persistence.queries.WriteObjectQuery.executeDatabaseQuery(WriteObjectQuery.java:58)
	at org.eclipse.persistence.queries.DatabaseQuery.execute(DatabaseQuery.java:899)
	at org.eclipse.persistence.queries.DatabaseQuery.executeInUnitOfWork(DatabaseQuery.java:798)
	at org.eclipse.persistence.queries.ObjectLevelModifyQuery.executeInUnitOfWorkObjectLevelModifyQuery(ObjectLevelModifyQuery.java:108)
	at org.eclipse.persistence.queries.ObjectLevelModifyQuery.executeInUnitOfWork(ObjectLevelModifyQuery.java:85)
	at org.eclipse.persistence.internal.sessions.UnitOfWorkImpl.internalExecuteQuery(UnitOfWorkImpl.java:2896)
	at org.eclipse.persistence.internal.sessions.AbstractSession.executeQuery(AbstractSession.java:1804)
	at org.eclipse.persistence.internal.sessions.AbstractSession.executeQuery(AbstractSession.java:1786)
	at org.eclipse.persistence.internal.sessions.AbstractSession.executeQuery(AbstractSession.java:1737)
	at org.eclipse.persistence.internal.sessions.CommitManager.commitNewObjectsForClassWithChangeSet(CommitManager.java:226)
	at org.eclipse.persistence.internal.sessions.CommitManager.commitAllObjectsWithChangeSet(CommitManager.java:125)
	at org.eclipse.persistence.internal.sessions.AbstractSession.writeAllObjectsWithChangeSet(AbstractSession.java:4207)
	at org.eclipse.persistence.internal.sessions.UnitOfWorkImpl.commitToDatabase(UnitOfWorkImpl.java:1441)
	at org.eclipse.persistence.internal.sessions.UnitOfWorkImpl.commitToDatabaseWithChangeSet(UnitOfWorkImpl.java:1531)
	at org.eclipse.persistence.internal.sessions.RepeatableWriteUnitOfWork.commitRootUnitOfWork(RepeatableWriteUnitOfWork.java:277)
	at org.eclipse.persistence.internal.sessions.UnitOfWorkImpl.commitAndResume(UnitOfWorkImpl.java:1169)
	at org.eclipse.persistence.internal.jpa.transaction.EntityTransactionImpl.commit(EntityTransactionImpl.java:132)
	... 35 more
Caused by: org.apache.derby.shared.common.error.DerbySQLIntegrityConstraintViolationException: L&apos;instruction a été abandonnée car elle aurait entraîné une valeur de clé en double dans une contrainte de clé primaire ou unique, ou un index unique identifié par &apos;SQL170928150740230&apos; défini sur &apos;TP_INDICATEURPERFORMANCE&apos;.
	at org.apache.derby.client.am.SQLExceptionFactory.getSQLException(Unknown Source)
	at org.apache.derby.client.am.SqlException.getSQLException(Unknown Source)
	at org.apache.derby.client.am.ClientPreparedStatement.executeUpdate(Unknown Source)
	at org.eclipse.persistence.internal.databaseaccess.DatabaseAccessor.executeDirectNoSelect(DatabaseAccessor.java:890)
	... 66 more
Caused by: ERROR 23505: L&apos;instruction a été abandonnée car elle aurait entraîné une valeur de clé en double dans une contrainte de clé primaire ou unique, ou un index unique identifié par &apos;SQL170928150740230&apos; défini sur &apos;TP_INDICATEURPERFORMANCE&apos;.
	at org.apache.derby.client.am.ClientStatement.completeExecute(Unknown Source)
	at org.apache.derby.client.net.NetStatementReply.parseEXCSQLSTTreply(Unknown Source)
	at org.apache.derby.client.net.NetStatementReply.readExecute(Unknown Source)
	at org.apache.derby.client.net.StatementReply.readExecute(Unknown Source)
	at org.apache.derby.client.net.NetPreparedStatement.readExecute_(Unknown Source)
	at org.apache.derby.client.am.ClientPreparedStatement.readExecute(Unknown Source)
	at org.apache.derby.client.am.ClientPreparedStatement.flowExecute(Unknown Source)
	at org.apache.derby.client.am.ClientPreparedStatement.executeUpdateX(Unknown Source)
	... 68 more
</failure>
    <system-out>[EL Info]: 2017-09-28 15:07:36.082--ServerSession(21084687)--EclipseLink, version: Eclipse Persistence Services - 2.5.2.v20140319-9ad6abd
[EL Warning]: metadata: 2017-09-28 15:07:36.409--ServerSession(21084687)--Reverting the lazy setting on the OneToOne or ManyToOne attribute [indicateurPerformance] for the entity class [class com.bootcamp.entities.Livrable] since weaving was not enabled or did not occur.
[EL Warning]: metadata: 2017-09-28 15:07:36.456--ServerSession(21084687)--Reverting the lazy setting on the OneToOne or ManyToOne attribute [indicateurPerformance] for the entity class [class com.bootcamp.entities.Projet] since weaving was not enabled or did not occur.
[EL Warning]: metadata: 2017-09-28 15:07:36.456--ServerSession(21084687)--Reverting the lazy setting on the OneToOne or ManyToOne attribute [indicateurPerformance] for the entity class [class com.bootcamp.entities.Programme] since weaving was not enabled or did not occur.
[EL Info]: connection: 2017-09-28 15:07:36.534--ServerSession(21084687)--file:/C:/Users/Archange/Documents/NetBeansProjects/TP_JPA/target/classes/_tp_jpa login successful
[EL Warning]: 2017-09-28 15:07:43.85--ServerSession(21084687)--Exception [EclipseLink-4002] (Eclipse Persistence Services - 2.5.2.v20140319-9ad6abd): org.eclipse.persistence.exceptions.DatabaseException
Internal Exception: java.sql.SQLTransactionRollbackException: Constraint &apos;TPBLLRPRGRMMEBLLRD&apos; existe déjà dans Schema &apos;ROOT&apos;.
Error Code: 30000
Call: ALTER TABLE tp_bailleur_programme ADD CONSTRAINT tpbllrprgrmmebllrd FOREIGN KEY (bailleur_id) REFERENCES PERSONNE (ID)
Query: DataModifyQuery(sql=&quot;ALTER TABLE tp_bailleur_programme ADD CONSTRAINT tpbllrprgrmmebllrd FOREIGN KEY (bailleur_id) REFERENCES PERSONNE (ID)&quot;)
Ajoute
[EL Warning]: 2017-09-28 15:07:44.334--UnitOfWork(29048929)--Exception [EclipseLink-4002] (Eclipse Persistence Services - 2.5.2.v20140319-9ad6abd): org.eclipse.persistence.exceptions.DatabaseException
Internal Exception: org.apache.derby.shared.common.error.DerbySQLIntegrityConstraintViolationException: L&apos;instruction a été abandonnée car elle aurait entraîné une valeur de clé en double dans une contrainte de clé primaire ou unique, ou un index unique identifié par &apos;SQL170928150740230&apos; défini sur &apos;TP_INDICATEURPERFORMANCE&apos;.
Error Code: 20000
Call: INSERT INTO TP_INDICATEURPERFORMANCE (ID, NOM) VALUES (?, ?)
	bind =&gt; [2 parameters bound]
Query: InsertObjectQuery(com.bootcamp.entities.IndicateurPerformance@18830ea)
</system-out>
  </testcase>
  <testcase classname="com.bootcamp.entities.IndicateurPerformanceNGTest" name="testGetId" time="0"/>
  <testcase classname="com.bootcamp.entities.IndicateurPerformanceNGTest" name="testSetId" time="0"/>
</testsuite>